<?xml version="1.0" encoding="UTF-8"?>
<testng-results ignored="0" total="2" passed="2" failed="0" skipped="0">
  <reporter-output>
  </reporter-output>
  <suite started-at="2023-04-14T22:17:26 CEST" name="Default Suite" finished-at="2023-04-14T22:17:27 CEST" duration-ms="1541">
    <groups>
    </groups>
    <test started-at="2023-04-14T22:17:26 CEST" name="RestAssuredProject" finished-at="2023-04-14T22:17:27 CEST" duration-ms="1541">
      <class name="APITests">
        <test-method signature="test1()[pri:0, instance:APITests@240237d2]" started-at="2023-04-14T22:17:26 CEST" name="test1" finished-at="2023-04-14T22:17:27 CEST" duration-ms="1383" status="PASS">
          <reporter-output>
          </reporter-output>
        </test-method> <!-- test1 -->
        <test-method signature="test2()[pri:0, instance:APITests@240237d2]" started-at="2023-04-14T22:17:27 CEST" name="test2" finished-at="2023-04-14T22:17:27 CEST" duration-ms="123" status="PASS">
          <reporter-output>
          </reporter-output>
        </test-method> <!-- test2 -->
      </class> <!-- APITests -->
    </test> <!-- RestAssuredProject -->
  </suite> <!-- Default Suite -->
</testng-results>
